app/build/intermediates/manifest_merge_blame_file/debug/manifest-merger-blame-debug-report.txt
1<?xml version="1.0" encoding="utf-8"?>
2<manifest xmlns:android="http://schemas.android.com/apk/res/android"
3    package="com.example.wordmemorization"
4    android:versionCode="1"
5    android:versionName="1.0" >
6
7    <uses-sdk
8        android:minSdkVersion="14"
8-->src/main/AndroidManifest.xml
9        android:targetSdkVersion="29" />
9-->src/main/AndroidManifest.xml
10
11    <uses-permission android:name="android.permission.INTERNET" />
11-->src/main/AndroidManifest.xml:5:5-67
11-->src/main/AndroidManifest.xml:5:22-64
12
13    <application
13-->src/main/AndroidManifest.xml:7:5-27:19
14        android:allowBackup="true"
14-->src/main/AndroidManifest.xml:8:9-35
15        android:appComponentFactory="android.support.v4.app.CoreComponentFactory"
15-->[com.android.support:support-compat:28.0.0] AndroidManifest.xml:22:18-91
16        android:debuggable="true"
17        android:icon="@mipmap/ic_launcher"
17-->src/main/AndroidManifest.xml:9:9-43
18        android:label="@string/app_name"
18-->src/main/AndroidManifest.xml:10:9-41
19        android:roundIcon="@mipmap/ic_launcher_round"
19-->src/main/AndroidManifest.xml:11:9-54
20        android:supportsRtl="true"
20-->src/main/AndroidManifest.xml:12:9-35
21        android:testOnly="true"
22        android:theme="@style/AppTheme" >
22-->src/main/AndroidManifest.xml:13:9-40
23        <activity android:name="com.example.wordmemorization.LoginActivity" />
23-->src/main/AndroidManifest.xml:14:9-51
23-->src/main/AndroidManifest.xml:14:19-48
24        <activity android:name="com.example.wordmemorization.NoteManagerActivity" />
24-->src/main/AndroidManifest.xml:15:9-57
24-->src/main/AndroidManifest.xml:15:19-54
25        <activity android:name="com.example.wordmemorization.QuizActivity" />
25-->src/main/AndroidManifest.xml:16:9-50
25-->src/main/AndroidManifest.xml:16:19-47
26        <activity android:name="com.example.wordmemorization.WordActivity" />
26-->src/main/AndroidManifest.xml:17:9-50
26-->src/main/AndroidManifest.xml:17:19-47
27        <activity android:name="com.example.wordmemorization.NoteActivity" />
27-->src/main/AndroidManifest.xml:18:9-50
27-->src/main/AndroidManifest.xml:18:19-47
28        <activity android:name="com.example.wordmemorization.SearchActivity" />
28-->src/main/AndroidManifest.xml:19:9-52
28-->src/main/AndroidManifest.xml:19:19-49
29        <activity android:name="com.example.wordmemorization.MainActivity" >
29-->src/main/AndroidManifest.xml:20:9-26:20
29-->src/main/AndroidManifest.xml:20:19-47
30            <intent-filter>
30-->src/main/AndroidManifest.xml:21:13-25:29
31                <action android:name="android.intent.action.MAIN" />
31-->src/main/AndroidManifest.xml:22:17-69
31-->src/main/AndroidManifest.xml:22:25-66
32
33                <category android:name="android.intent.category.LAUNCHER" />
33-->src/main/AndroidManifest.xml:24:17-77
33-->src/main/AndroidManifest.xml:24:27-74
34            </intent-filter>
35        </activity>
36
37        <provider
37-->[android.arch.lifecycle:extensions:1.1.1] AndroidManifest.xml:23:9-27:43
38            android:name="android.arch.lifecycle.ProcessLifecycleOwnerInitializer"
38-->[android.arch.lifecycle:extensions:1.1.1] AndroidManifest.xml:24:13-83
39            android:authorities="com.example.wordmemorization.lifecycle-trojan"
39-->[android.arch.lifecycle:extensions:1.1.1] AndroidManifest.xml:25:13-68
40            android:exported="false"
40-->[android.arch.lifecycle:extensions:1.1.1] AndroidManifest.xml:26:13-37
41            android:multiprocess="true" />
41-->[android.arch.lifecycle:extensions:1.1.1] AndroidManifest.xml:27:13-40
42    </application>
43
44</manifest>